<?xml version="1.0" encoding="utf-8"?><testsuites name="pytest tests"><testsuite name="pytest" errors="0" failures="0" skipped="0" tests="18" time="60.902" timestamp="2026-04-03T21:09:18.911815+00:00" hostname="agent-env-ff47608c-b7da-4f9f-ac85-dd1c1280f35a"><testcase classname="tests.test_faceglow_api.TestHealth" name="test_health_check" time="0.223" /><testcase classname="tests.test_faceglow_api.TestAuth" name="test_register_new_user" time="0.335" /><testcase classname="tests.test_faceglow_api.TestAuth" name="test_register_duplicate_email" time="0.135" /><testcase classname="tests.test_faceglow_api.TestAuth" name="test_login_success" time="0.391" /><testcase classname="tests.test_faceglow_api.TestAuth" name="test_login_invalid_credentials" time="0.345" /><testcase classname="tests.test_faceglow_api.TestAuth" name="test_get_me_authenticated" time="0.397" /><testcase classname="tests.test_faceglow_api.TestAuth" name="test_get_me_unauthenticated" time="0.101" /><testcase classname="tests.test_faceglow_api.TestAnalysis" name="test_create_analysis_cerrahi" time="0.388" /><testcase classname="tests.test_faceglow_api.TestAnalysis" name="test_create_analysis_medikal" time="0.400" /><testcase classname="tests.test_faceglow_api.TestAnalysis" name="test_create_analysis_unauthenticated" time="0.099" /><testcase classname="tests.test_faceglow_api.TestAnalysis" name="test_get_recommendations" time="10.534" /><testcase classname="tests.test_faceglow_api.TestAnalysis" name="test_get_analysis_by_id" time="0.501" /><testcase classname="tests.test_faceglow_api.TestAnalysis" name="test_get_user_history" time="0.387" /><testcase classname="tests.test_faceglow_api.TestSubscription" name="test_activate_premium_subscription" time="0.424" /><testcase classname="tests.test_faceglow_api.TestSubscription" name="test_subscription_status" time="0.384" /><testcase classname="tests.test_faceglow_api.TestPremiumFeatures" name="test_transform_requires_premium" time="19.379" /><testcase classname="tests.test_faceglow_api.TestPremiumFeatures" name="test_transform_with_premium" time="25.933" /><testcase classname="tests.test_faceglow_api.TestUserSettings" name="test_update_language" time="0.444" /></testsuite></testsuites>